<?xml version="1.0" encoding="UTF-8"?>
<!-- Generated by org.testng.reporters.JUnitReportReporter -->
<testsuite hostname="Gauri" failures="0" tests="1" name="TestLayer.ContainerTest" time="0.112" errors="0" timestamp="2025-01-25T21:26:15 IST" skipped="0">
  <testcase classname="TestLayer.ContainerTest" name="checkoutFunctionality" time="0.112"/>
  <system-out/>
</testsuite> <!-- TestLayer.ContainerTest -->
